#
# There is insufficient memory for the Java Runtime Environment to continue.
# Native memory allocation (malloc) failed to allocate 1206256 bytes for Chunk::new
# Possible reasons:
#   The system is out of physical RAM or swap space
#   The process is running with CompressedOops enabled, and the Java Heap may be blocking the growth of the native heap
# Possible solutions:
#   Reduce memory load on the system
#   Increase physical memory or swap space
#   Check if swap backing store is full
#   Decrease Java heap size (-Xmx/-Xms)
#   Decrease number of Java threads
#   Decrease Java thread stack sizes (-Xss)
#   Set larger code cache with -XX:ReservedCodeCacheSize=
#   JVM is running with Unscaled Compressed Oops mode in which the Java heap is
#     placed in the first 4GB address space. The Java Heap base address is the
#     maximum limit for the native heap growth. Please use -XX:HeapBaseMinAddress
#     to set the Java Heap base and to place the Java Heap above 4GB virtual address.
# This output file may be truncated or incomplete.
#
#  Out of Memory Error (./src/hotspot/share/memory/arena.cpp:197), pid=16428, tid=5896
#
# JRE version: OpenJDK Runtime Environment (11.0.10) (build 11.0.10+0-b96-7249189)
# Java VM: OpenJDK 64-Bit Server VM (11.0.10+0-b96-7249189, mixed mode, tiered, compressed oops, g1 gc, windows-amd64)
# No core dump will be written. Minidumps are not enabled by default on client versions of Windows
#

---------------  S U M M A R Y ------------

Command Line: --add-opens=java.base/java.util=ALL-UNNAMED --add-opens=java.base/java.lang=ALL-UNNAMED --add-opens=java.base/java.lang.invoke=ALL-UNNAMED --add-opens=java.base/java.util=ALL-UNNAMED --add-opens=java.prefs/java.util.prefs=ALL-UNNAMED --add-opens=java.prefs/java.util.prefs=ALL-UNNAMED --add-opens=java.base/java.nio.charset=ALL-UNNAMED --add-opens=java.base/java.net=ALL-UNNAMED --add-opens=java.base/java.util.concurrent.atomic=ALL-UNNAMED -Xmx2048m -Dfile.encoding=UTF-8 -Duser.country=RU -Duser.language=ru -Duser.variant org.gradle.launcher.daemon.bootstrap.GradleDaemon 7.0.2

Host: Intel(R) Core(TM) i5-9300H CPU @ 2.40GHz, 8 cores, 7G,  Windows 10 , 64 bit Build 17763 (10.0.17763.2452)
Time: Wed Jan 19 08:53:45 2022 Iiaineae?neia noaiaa?oiia a?aiy elapsed time: 8.288778 seconds (0d 0h 0m 8s)

---------------  T H R E A D  ---------------

Current thread (0x000002a2c1943000):  JavaThread "C2 CompilerThread0" daemon [_thread_in_native, id=5896, stack(0x000000c0dc700000,0x000000c0dc800000)]


Current CompileTask:
C2:   8288 5685   !   4       com.google.common.reflect.TypeVisitor::visit (225 bytes)

Stack: [0x000000c0dc700000,0x000000c0dc800000]
Native frames: (J=compiled Java code, j=interpreted, Vv=VM code, C=native code)
V  [jvm.dll+0x5ecfaa]
V  [jvm.dll+0x722bd5]
V  [jvm.dll+0x72412d]
V  [jvm.dll+0x7247e3]
V  [jvm.dll+0x242928]
V  [jvm.dll+0xbc4fc]
V  [jvm.dll+0xbca0c]
V  [jvm.dll+0x352d3b]
V  [jvm.dll+0x197e0c]
V  [jvm.dll+0x1fb70e]
V  [jvm.dll+0x1fa7f4]
V  [jvm.dll+0x18354c]
V  [jvm.dll+0x208ee7]
V  [jvm.dll+0x207731]
V  [jvm.dll+0x6eb1cf]
V  [jvm.dll+0x6e3d45]
V  [jvm.dll+0x5ebe96]
C  [ucrtbase.dll+0x2268a]
C  [KERNEL32.DLL+0x17974]
C  [ntdll.dll+0x5a2f1]


---------------  P R O C E S S  ---------------

Threads class SMR info:
_java_thread_list=0x000002a2c7b3a390, length=50, elements={
0x000002a2a6c31800, 0x000002a2c18e1800, 0x000002a2c18ed800, 0x000002a2c1939000,
0x000002a2c193a000, 0x000002a2c193b800, 0x000002a2c1943000, 0x000002a2c10c5800,
0x000002a2c10cf000, 0x000002a2c1a97800, 0x000002a2c1a99000, 0x000002a2c1a98800,
0x000002a2c1a9e000, 0x000002a2c1a9a000, 0x000002a2c1a9b000, 0x000002a2c1a9b800,
0x000002a2c1a9c800, 0x000002a2c1a9d800, 0x000002a2c415f000, 0x000002a2c4163800,
0x000002a2c4164800, 0x000002a2c4161800, 0x000002a2c4163000, 0x000002a2c4160800,
0x000002a2c4165800, 0x000002a2c415f800, 0x000002a2c4166000, 0x000002a2c4162000,
0x000002a2c416a000, 0x000002a2c416b000, 0x000002a2c4168800, 0x000002a2c4169800,
0x000002a2c416c800, 0x000002a2c416d800, 0x000002a2c6f1a800, 0x000002a2c6f1e000,
0x000002a2c6f1d000, 0x000002a2c6f1b800, 0x000002a2c6f18000, 0x000002a2c6f1c000,
0x000002a2c6f1a000, 0x000002a2c6f1e800, 0x000002a2c6f19000, 0x000002a2c6f21000,
0x000002a2c6f23800, 0x000002a2c6f22000, 0x000002a2c6f24800, 0x000002a2c6f20800,
0x000002a2c6f25000, 0x000002a2c6f1f800
}

Java Threads: ( => current thread )
  0x000002a2a6c31800 JavaThread "main" [_thread_blocked, id=1164, stack(0x000000c0dbb00000,0x000000c0dbc00000)]
  0x000002a2c18e1800 JavaThread "Reference Handler" daemon [_thread_blocked, id=13284, stack(0x000000c0dc200000,0x000000c0dc300000)]
  0x000002a2c18ed800 JavaThread "Finalizer" daemon [_thread_blocked, id=7548, stack(0x000000c0dc300000,0x000000c0dc400000)]
  0x000002a2c1939000 JavaThread "Signal Dispatcher" daemon [_thread_blocked, id=8356, stack(0x000000c0dc400000,0x000000c0dc500000)]
  0x000002a2c193a000 JavaThread "Attach Listener" daemon [_thread_blocked, id=15332, stack(0x000000c0dc500000,0x000000c0dc600000)]
  0x000002a2c193b800 JavaThread "Service Thread" daemon [_thread_blocked, id=7776, stack(0x000000c0dc600000,0x000000c0dc700000)]
=>0x000002a2c1943000 JavaThread "C2 CompilerThread0" daemon [_thread_in_native, id=5896, stack(0x000000c0dc700000,0x000000c0dc800000)]
  0x000002a2c10c5800 JavaThread "C1 CompilerThread0" daemon [_thread_blocked, id=16108, stack(0x000000c0dc800000,0x000000c0dc900000)]
  0x000002a2c10cf000 JavaThread "Sweeper thread" daemon [_thread_blocked, id=16496, stack(0x000000c0dc900000,0x000000c0dca00000)]
  0x000002a2c1a97800 JavaThread "Common-Cleaner" daemon [_thread_blocked, id=5732, stack(0x000000c0dca00000,0x000000c0dcb00000)]
  0x000002a2c1a99000 JavaThread "Daemon health stats" [_thread_blocked, id=11760, stack(0x000000c0dd000000,0x000000c0dd100000)]
  0x000002a2c1a98800 JavaThread "Incoming local TCP Connector on port 62039" [_thread_in_native, id=9468, stack(0x000000c0dcc00000,0x000000c0dcd00000)]
  0x000002a2c1a9e000 JavaThread "Daemon periodic checks" [_thread_blocked, id=928, stack(0x000000c0dcf00000,0x000000c0dd000000)]
  0x000002a2c1a9a000 JavaThread "Daemon" [_thread_blocked, id=1256, stack(0x000000c0dd100000,0x000000c0dd200000)]
  0x000002a2c1a9b000 JavaThread "Handler for socket connection from /127.0.0.1:62039 to /127.0.0.1:62040" [_thread_in_native, id=3196, stack(0x000000c0dd200000,0x000000c0dd300000)]
  0x000002a2c1a9b800 JavaThread "Cancel handler" [_thread_blocked, id=15912, stack(0x000000c0dd300000,0x000000c0dd400000)]
  0x000002a2c1a9c800 JavaThread "Daemon worker" [_thread_in_native, id=7020, stack(0x000000c0dd400000,0x000000c0dd500000)]
  0x000002a2c1a9d800 JavaThread "Asynchronous log dispatcher for DefaultDaemonConnection: socket connection from /127.0.0.1:62039 to /127.0.0.1:62040" [_thread_blocked, id=16760, stack(0x000000c0dd500000,0x000000c0dd600000)]
  0x000002a2c415f000 JavaThread "Stdin handler" [_thread_blocked, id=12384, stack(0x000000c0dd600000,0x000000c0dd700000)]
  0x000002a2c4163800 JavaThread "Daemon client event forwarder" [_thread_blocked, id=10924, stack(0x000000c0dd700000,0x000000c0dd800000)]
  0x000002a2c4164800 JavaThread "Cache worker for file hash cache (C:\Users\Dragonborn\.gradle\caches\7.0.2\fileHashes)" [_thread_blocked, id=15176, stack(0x000000c0ddd00000,0x000000c0dde00000)]
  0x000002a2c4161800 JavaThread "File lock request listener" [_thread_in_native, id=2364, stack(0x000000c0dde00000,0x000000c0ddf00000)]
  0x000002a2c4163000 JavaThread "Cache worker for journal cache (C:\Users\Dragonborn\.gradle\caches\journal-1)" [_thread_blocked, id=12920, stack(0x000000c0de000000,0x000000c0de100000)]
  0x000002a2c4160800 JavaThread "Cache worker for file hash cache (C:\Users\Dragonborn\AndroidStudioProjects\5GAnalyzer\.gradle\7.0.2\fileHashes)" [_thread_blocked, id=16992, stack(0x000000c0de200000,0x000000c0de300000)]
  0x000002a2c4165800 JavaThread "File watcher server" daemon [_thread_in_native, id=13780, stack(0x000000c0de300000,0x000000c0de400000)]
  0x000002a2c415f800 JavaThread "File watcher consumer" daemon [_thread_blocked, id=16352, stack(0x000000c0de400000,0x000000c0de500000)]
  0x000002a2c4166000 JavaThread "Cache worker for checksums cache (C:\Users\Dragonborn\AndroidStudioProjects\5GAnalyzer\.gradle\checksums)" [_thread_blocked, id=4900, stack(0x000000c0de500000,0x000000c0de600000)]
  0x000002a2c4162000 JavaThread "Cache worker for cache directory md-supplier (C:\Users\Dragonborn\.gradle\caches\7.0.2\md-supplier)" [_thread_blocked, id=6684, stack(0x000000c0de600000,0x000000c0de700000)]
  0x000002a2c416a000 JavaThread "Cache worker for cache directory md-rule (C:\Users\Dragonborn\.gradle\caches\7.0.2\md-rule)" [_thread_blocked, id=6200, stack(0x000000c0de800000,0x000000c0de900000)]
  0x000002a2c416b000 JavaThread "Cache worker for execution history cache (C:\Users\Dragonborn\.gradle\caches\7.0.2\executionHistory)" [_thread_blocked, id=15764, stack(0x000000c0de900000,0x000000c0dea00000)]
  0x000002a2c4168800 JavaThread "jar transforms" [_thread_blocked, id=2996, stack(0x000000c0dea00000,0x000000c0deb00000)]
  0x000002a2c4169800 JavaThread "jar transforms Thread 2" [_thread_blocked, id=16672, stack(0x000000c0deb00000,0x000000c0dec00000)]
  0x000002a2c416c800 JavaThread "Cache worker for file content cache (C:\Users\Dragonborn\.gradle\caches\7.0.2\fileContent)" [_thread_blocked, id=13504, stack(0x000000c0dec00000,0x000000c0ded00000)]
  0x000002a2c416d800 JavaThread "Cache worker for dependencies-accessors (C:\Users\Dragonborn\AndroidStudioProjects\5GAnalyzer\.gradle\7.0.2\dependencies-accessors)" [_thread_blocked, id=13916, stack(0x000000c0ded00000,0x000000c0dee00000)]
  0x000002a2c6f1a800 JavaThread "jar transforms Thread 3" [_thread_blocked, id=12368, stack(0x000000c0dee00000,0x000000c0def00000)]
  0x000002a2c6f1e000 JavaThread "Cache worker for Build Output Cleanup Cache (C:\Users\Dragonborn\AndroidStudioProjects\5GAnalyzer\.gradle\buildOutputCleanup)" [_thread_blocked, id=14468, stack(0x000000c0def00000,0x000000c0df000000)]
  0x000002a2c6f1d000 JavaThread "Build operations" [_thread_blocked, id=17152, stack(0x000000c0df000000,0x000000c0df100000)]
  0x000002a2c6f1b800 JavaThread "Build operations Thread 2" [_thread_blocked, id=5516, stack(0x000000c0df100000,0x000000c0df200000)]
  0x000002a2c6f18000 JavaThread "Build operations Thread 3" [_thread_blocked, id=5280, stack(0x000000c0df200000,0x000000c0df300000)]
  0x000002a2c6f1c000 JavaThread "Build operations Thread 4" [_thread_blocked, id=15240, stack(0x000000c0df300000,0x000000c0df400000)]
  0x000002a2c6f1a000 JavaThread "Build operations Thread 5" [_thread_blocked, id=13772, stack(0x000000c0df400000,0x000000c0df500000)]
  0x000002a2c6f1e800 JavaThread "Build operations Thread 6" [_thread_blocked, id=92, stack(0x000000c0df500000,0x000000c0df600000)]
  0x000002a2c6f19000 JavaThread "Build operations Thread 7" [_thread_blocked, id=16452, stack(0x000000c0df600000,0x000000c0df700000)]
  0x000002a2c6f21000 JavaThread "Build operations Thread 8" [_thread_blocked, id=5608, stack(0x000000c0df700000,0x000000c0df800000)]
  0x000002a2c6f23800 JavaThread "jar transforms Thread 4" [_thread_blocked, id=13784, stack(0x000000c0df800000,0x000000c0df900000)]
  0x000002a2c6f22000 JavaThread "jar transforms Thread 5" [_thread_blocked, id=11764, stack(0x000000c0df900000,0x000000c0dfa00000)]
  0x000002a2c6f24800 JavaThread "jar transforms Thread 6" [_thread_blocked, id=14700, stack(0x000000c0dfa00000,0x000000c0dfb00000)]
  0x000002a2c6f20800 JavaThread "jar transforms Thread 7" [_thread_blocked, id=11500, stack(0x000000c0dfb00000,0x000000c0dfc00000)]
  0x000002a2c6f25000 JavaThread "jar transforms Thread 8" [_thread_blocked, id=9988, stack(0x000000c0dfc00000,0x000000c0dfd00000)]
  0x000002a2c6f1f800 JavaThread "Memory manager" [_thread_blocked, id=8760, stack(0x000000c0de100000,0x000000c0de200000)]

Other Threads:
  0x000002a2c10b4000 VMThread "VM Thread" [stack: 0x000000c0dc100000,0x000000c0dc200000] [id=15552]
  0x000002a2c1abd800 WatcherThread [stack: 0x000000c0dcb00000,0x000000c0dcc00000] [id=4092]
  0x000002a2a6c49000 GCTaskThread "GC Thread#0" [stack: 0x000000c0dbc00000,0x000000c0dbd00000] [id=16036]
  0x000002a2c1c2f800 GCTaskThread "GC Thread#1" [stack: 0x000000c0dcd00000,0x000000c0dce00000] [id=3024]
  0x000002a2c29ab800 GCTaskThread "GC Thread#2" [stack: 0x000000c0dce00000,0x000000c0dcf00000] [id=15980]
  0x000002a2c417d000 GCTaskThread "GC Thread#3" [stack: 0x000000c0dd800000,0x000000c0dd900000] [id=9240]
  0x000002a2c3d6c000 GCTaskThread "GC Thread#4" [stack: 0x000000c0dd900000,0x000000c0dda00000] [id=10664]
  0x000002a2c3a9b800 GCTaskThread "GC Thread#5" [stack: 0x000000c0dda00000,0x000000c0ddb00000] [id=13612]
  0x000002a2c33f5800 GCTaskThread "GC Thread#6" [stack: 0x000000c0ddb00000,0x000000c0ddc00000] [id=15060]
  0x000002a2c33eb000 GCTaskThread "GC Thread#7" [stack: 0x000000c0ddc00000,0x000000c0ddd00000] [id=14676]
  0x000002a2a6c79800 ConcurrentGCThread "G1 Main Marker" [stack: 0x000000c0dbd00000,0x000000c0dbe00000] [id=15316]
  0x000002a2a6c7d000 ConcurrentGCThread "G1 Conc#0" [stack: 0x000000c0dbe00000,0x000000c0dbf00000] [id=8120]
  0x000002a2c45a6800 ConcurrentGCThread "G1 Conc#1" [stack: 0x000000c0ddf00000,0x000000c0de000000] [id=8348]
  0x000002a2c0f02800 ConcurrentGCThread "G1 Refine#0" [stack: 0x000000c0dbf00000,0x000000c0dc000000] [id=2768]
  0x000002a2c0f03800 ConcurrentGCThread "G1 Young RemSet Sampling" [stack: 0x000000c0dc000000,0x000000c0dc100000] [id=11916]

Threads with active compile tasks:
C2 CompilerThread0   8340 5685   !   4       com.google.common.reflect.TypeVisitor::visit (225 bytes)

VM state:not at safepoint (normal execution)

VM Mutex/Monitor currently owned by a thread: None

Heap address: 0x0000000080000000, size: 2048 MB, Compressed Oops mode: 32-bit
Narrow klass base: 0x0000000000000000, Narrow klass shift: 3
Compressed class space size: 1073741824 Address: 0x0000000100000000

Heap:
 garbage-first heap   total 129024K, used 55336K [0x0000000080000000, 0x0000000100000000)
  region size 1024K, 15 young (15360K), 3 survivors (3072K)
 Metaspace       used 57998K, capacity 59503K, committed 59648K, reserved 1101824K
  class space    used 7373K, capacity 7923K, committed 7936K, reserved 1048576K
Heap Regions: E=young(eden), S=young(survivor), O=old, HS=humongous(starts), HC=humongous(continues), CS=collection set, F=free, A=archive, TAMS=top-at-mark-start (previous, next)
|   0|0x0000000080000000, 0x0000000080100000, 0x0000000080100000|100%| O|  |TAMS 0x0000000080100000, 0x0000000080000000| Untracked 
|   1|0x0000000080100000, 0x0000000080200000, 0x0000000080200000|100%| O|  |TAMS 0x0000000080200000, 0x0000000080100000| Untracked 
|   2|0x0000000080200000, 0x0000000080300000, 0x0000000080300000|100%| O|  |TAMS 0x0000000080300000, 0x0000000080200000| Untracked 
|   3|0x0000000080300000, 0x0000000080400000, 0x0000000080400000|100%|HS|  |TAMS 0x0000000080400000, 0x0000000080300000| Complete 
|   4|0x0000000080400000, 0x0000000080500000, 0x0000000080500000|100%|HC|  |TAMS 0x0000000080500000, 0x0000000080400000| Complete 
|   5|0x0000000080500000, 0x0000000080600000, 0x0000000080600000|100%|HC|  |TAMS 0x0000000080600000, 0x0000000080500000| Complete 
|   6|0x0000000080600000, 0x0000000080700000, 0x0000000080700000|100%| O|  |TAMS 0x0000000080700000, 0x0000000080600000| Untracked 
|   7|0x0000000080700000, 0x0000000080800000, 0x0000000080800000|100%| O|  |TAMS 0x0000000080800000, 0x0000000080700000| Untracked 
|   8|0x0000000080800000, 0x0000000080900000, 0x0000000080900000|100%| O|  |TAMS 0x0000000080900000, 0x0000000080800000| Untracked 
|   9|0x0000000080900000, 0x0000000080a00000, 0x0000000080a00000|100%| O|  |TAMS 0x0000000080a00000, 0x0000000080900000| Untracked 
|  10|0x0000000080a00000, 0x0000000080b00000, 0x0000000080b00000|100%| O|  |TAMS 0x0000000080b00000, 0x0000000080a00000| Untracked 
|  11|0x0000000080b00000, 0x0000000080c00000, 0x0000000080c00000|100%| O|  |TAMS 0x0000000080c00000, 0x0000000080b00000| Untracked 
|  12|0x0000000080c00000, 0x0000000080d00000, 0x0000000080d00000|100%| O|  |TAMS 0x0000000080d00000, 0x0000000080c00000| Untracked 
|  13|0x0000000080d00000, 0x0000000080e00000, 0x0000000080e00000|100%| O|  |TAMS 0x0000000080e00000, 0x0000000080d00000| Untracked 
|  14|0x0000000080e00000, 0x0000000080f00000, 0x0000000080f00000|100%| O|  |TAMS 0x0000000080f00000, 0x0000000080e00000| Untracked 
|  15|0x0000000080f00000, 0x0000000081000000, 0x0000000081000000|100%| O|  |TAMS 0x0000000080ff3400, 0x0000000080f00000| Untracked 
|  16|0x0000000081000000, 0x0000000081100000, 0x0000000081100000|100%|HS|  |TAMS 0x0000000081000000, 0x0000000081000000| Complete 
|  17|0x0000000081100000, 0x0000000081200000, 0x0000000081200000|100%| O|  |TAMS 0x0000000081100000, 0x0000000081100000| Untracked 
|  18|0x0000000081200000, 0x0000000081300000, 0x0000000081300000|100%| O|  |TAMS 0x0000000081200000, 0x0000000081200000| Untracked 
|  19|0x0000000081300000, 0x0000000081400000, 0x0000000081400000|100%| O|  |TAMS 0x0000000081300000, 0x0000000081300000| Untracked 
|  20|0x0000000081400000, 0x0000000081500000, 0x0000000081500000|100%| O|  |TAMS 0x0000000081400000, 0x0000000081400000| Untracked 
|  21|0x0000000081500000, 0x0000000081600000, 0x0000000081600000|100%| O|  |TAMS 0x0000000081500000, 0x0000000081500000| Untracked 
|  22|0x0000000081600000, 0x0000000081700000, 0x0000000081700000|100%| O|  |TAMS 0x0000000081600000, 0x0000000081600000| Untracked 
|  23|0x0000000081700000, 0x0000000081800000, 0x0000000081800000|100%| O|  |TAMS 0x0000000081700000, 0x0000000081700000| Untracked 
|  24|0x0000000081800000, 0x0000000081900000, 0x0000000081900000|100%| O|  |TAMS 0x0000000081800000, 0x0000000081800000| Untracked 
|  25|0x0000000081900000, 0x0000000081a00000, 0x0000000081a00000|100%| O|  |TAMS 0x0000000081900000, 0x0000000081900000| Untracked 
|  26|0x0000000081a00000, 0x0000000081b00000, 0x0000000081b00000|100%| O|  |TAMS 0x0000000081a00000, 0x0000000081a00000| Untracked 
|  27|0x0000000081b00000, 0x0000000081c00000, 0x0000000081c00000|100%| O|  |TAMS 0x0000000081b00000, 0x0000000081b00000| Untracked 
|  28|0x0000000081c00000, 0x0000000081d00000, 0x0000000081d00000|100%|HS|  |TAMS 0x0000000081c00000, 0x0000000081c00000| Complete 
|  29|0x0000000081d00000, 0x0000000081e00000, 0x0000000081e00000|100%|HS|  |TAMS 0x0000000081d00000, 0x0000000081d00000| Complete 
|  30|0x0000000081e00000, 0x0000000081f00000, 0x0000000081f00000|100%|HC|  |TAMS 0x0000000081e00000, 0x0000000081e00000| Complete 
|  31|0x0000000081f00000, 0x0000000082000000, 0x0000000082000000|100%| O|  |TAMS 0x0000000081f00000, 0x0000000081f00000| Untracked 
|  32|0x0000000082000000, 0x0000000082100000, 0x0000000082100000|100%| O|  |TAMS 0x0000000082000000, 0x0000000082000000| Untracked 
|  33|0x0000000082100000, 0x0000000082200000, 0x0000000082200000|100%| O|  |TAMS 0x0000000082100000, 0x0000000082100000| Untracked 
|  34|0x0000000082200000, 0x0000000082300000, 0x0000000082300000|100%| O|  |TAMS 0x0000000082200000, 0x0000000082200000| Untracked 
|  35|0x0000000082300000, 0x0000000082400000, 0x0000000082400000|100%| O|  |TAMS 0x0000000082300000, 0x0000000082300000| Untracked 
|  36|0x0000000082400000, 0x0000000082500000, 0x0000000082500000|100%| O|  |TAMS 0x0000000082400000, 0x0000000082400000| Untracked 
|  37|0x0000000082500000, 0x0000000082600000, 0x0000000082600000|100%| O|  |TAMS 0x0000000082500000, 0x0000000082500000| Untracked 
|  38|0x0000000082600000, 0x0000000082700000, 0x0000000082700000|100%| O|  |TAMS 0x0000000082600000, 0x0000000082600000| Untracked 
|  39|0x0000000082700000, 0x0000000082800000, 0x0000000082800000|100%| O|  |TAMS 0x0000000082700000, 0x0000000082700000| Untracked 
|  40|0x0000000082800000, 0x00000000828d3800, 0x0000000082900000| 82%| O|  |TAMS 0x0000000082800000, 0x0000000082800000| Untracked 
|  41|0x0000000082900000, 0x0000000082900000, 0x0000000082a00000|  0%| F|  |TAMS 0x0000000082900000, 0x0000000082900000| Untracked 
|  42|0x0000000082a00000, 0x0000000082a00000, 0x0000000082b00000|  0%| F|  |TAMS 0x0000000082a00000, 0x0000000082a00000| Untracked 
|  43|0x0000000082b00000, 0x0000000082b00000, 0x0000000082c00000|  0%| F|  |TAMS 0x0000000082b00000, 0x0000000082b00000| Untracked 
|  44|0x0000000082c00000, 0x0000000082c00000, 0x0000000082d00000|  0%| F|  |TAMS 0x0000000082c00000, 0x0000000082c00000| Untracked 
|  45|0x0000000082d00000, 0x0000000082d00000, 0x0000000082e00000|  0%| F|  |TAMS 0x0000000082d00000, 0x0000000082d00000| Untracked 
|  46|0x0000000082e00000, 0x0000000082e00000, 0x0000000082f00000|  0%| F|  |TAMS 0x0000000082e00000, 0x0000000082e00000| Untracked 
|  47|0x0000000082f00000, 0x0000000082f00000, 0x0000000083000000|  0%| F|  |TAMS 0x0000000082f00000, 0x0000000082f00000| Untracked 
|  48|0x0000000083000000, 0x0000000083000000, 0x0000000083100000|  0%| F|  |TAMS 0x0000000083000000, 0x0000000083000000| Untracked 
|  49|0x0000000083100000, 0x0000000083100000, 0x0000000083200000|  0%| F|  |TAMS 0x0000000083100000, 0x0000000083100000| Untracked 
|  50|0x0000000083200000, 0x0000000083200000, 0x0000000083300000|  0%| F|  |TAMS 0x0000000083200000, 0x0000000083200000| Untracked 
|  51|0x0000000083300000, 0x0000000083300000, 0x0000000083400000|  0%| F|  |TAMS 0x0000000083300000, 0x0000000083300000| Untracked 
|  52|0x0000000083400000, 0x0000000083400000, 0x0000000083500000|  0%| F|  |TAMS 0x0000000083400000, 0x0000000083400000| Untracked 
|  53|0x0000000083500000, 0x0000000083500000, 0x0000000083600000|  0%| F|  |TAMS 0x0000000083500000, 0x0000000083500000| Untracked 
|  54|0x0000000083600000, 0x0000000083600000, 0x0000000083700000|  0%| F|  |TAMS 0x0000000083600000, 0x0000000083600000| Untracked 
|  55|0x0000000083700000, 0x0000000083700000, 0x0000000083800000|  0%| F|  |TAMS 0x0000000083700000, 0x0000000083700000| Untracked 
|  56|0x0000000083800000, 0x0000000083800000, 0x0000000083900000|  0%| F|  |TAMS 0x0000000083800000, 0x0000000083800000| Untracked 
|  57|0x0000000083900000, 0x0000000083900000, 0x0000000083a00000|  0%| F|  |TAMS 0x0000000083900000, 0x0000000083900000| Untracked 
|  58|0x0000000083a00000, 0x0000000083a00000, 0x0000000083b00000|  0%| F|  |TAMS 0x0000000083a00000, 0x0000000083a00000| Untracked 
|  59|0x0000000083b00000, 0x0000000083b00000, 0x0000000083c00000|  0%| F|  |TAMS 0x0000000083b00000, 0x0000000083b00000| Untracked 
|  60|0x0000000083c00000, 0x0000000083c00000, 0x0000000083d00000|  0%| F|  |TAMS 0x0000000083c00000, 0x0000000083c00000| Untracked 
|  61|0x0000000083d00000, 0x0000000083d00000, 0x0000000083e00000|  0%| F|  |TAMS 0x0000000083d00000, 0x0000000083d00000| Untracked 
|  62|0x0000000083e00000, 0x0000000083e00000, 0x0000000083f00000|  0%| F|  |TAMS 0x0000000083e00000, 0x0000000083e00000| Untracked 
|  63|0x0000000083f00000, 0x0000000083f00000, 0x0000000084000000|  0%| F|  |TAMS 0x0000000083f00000, 0x0000000083f00000| Untracked 
|  64|0x0000000084000000, 0x0000000084000000, 0x0000000084100000|  0%| F|  |TAMS 0x0000000084000000, 0x0000000084000000| Untracked 
|  65|0x0000000084100000, 0x0000000084100000, 0x0000000084200000|  0%| F|  |TAMS 0x0000000084100000, 0x0000000084100000| Untracked 
|  66|0x0000000084200000, 0x0000000084200000, 0x0000000084300000|  0%| F|  |TAMS 0x0000000084200000, 0x0000000084200000| Untracked 
|  67|0x0000000084300000, 0x0000000084300000, 0x0000000084400000|  0%| F|  |TAMS 0x0000000084300000, 0x0000000084300000| Untracked 
|  68|0x0000000084400000, 0x0000000084400000, 0x0000000084500000|  0%| F|  |TAMS 0x0000000084400000, 0x0000000084400000| Untracked 
|  69|0x0000000084500000, 0x0000000084500000, 0x0000000084600000|  0%| F|  |TAMS 0x0000000084500000, 0x0000000084500000| Untracked 
|  70|0x0000000084600000, 0x0000000084636ac0, 0x0000000084700000| 21%| S|CS|TAMS 0x0000000084600000, 0x0000000084600000| Complete 
|  71|0x0000000084700000, 0x0000000084800000, 0x0000000084800000|100%| S|CS|TAMS 0x0000000084700000, 0x0000000084700000| Complete 
|  72|0x0000000084800000, 0x0000000084900000, 0x0000000084900000|100%| S|CS|TAMS 0x0000000084800000, 0x0000000084800000| Complete 
|  73|0x0000000084900000, 0x0000000084900000, 0x0000000084a00000|  0%| F|  |TAMS 0x0000000084900000, 0x0000000084900000| Untracked 
|  74|0x0000000084a00000, 0x0000000084a00000, 0x0000000084b00000|  0%| F|  |TAMS 0x0000000084a00000, 0x0000000084a00000| Untracked 
|  75|0x0000000084b00000, 0x0000000084b00000, 0x0000000084c00000|  0%| F|  |TAMS 0x0000000084b00000, 0x0000000084b00000| Untracked 
|  76|0x0000000084c00000, 0x0000000084c00000, 0x0000000084d00000|  0%| F|  |TAMS 0x0000000084c00000, 0x0000000084c00000| Untracked 
|  77|0x0000000084d00000, 0x0000000084d00000, 0x0000000084e00000|  0%| F|  |TAMS 0x0000000084d00000, 0x0000000084d00000| Untracked 
|  78|0x0000000084e00000, 0x0000000084e00000, 0x0000000084f00000|  0%| F|  |TAMS 0x0000000084e00000, 0x0000000084e00000| Untracked 
|  79|0x0000000084f00000, 0x0000000084f00000, 0x0000000085000000|  0%| F|  |TAMS 0x0000000084f00000, 0x0000000084f00000| Untracked 
|  80|0x0000000085000000, 0x0000000085000000, 0x0000000085100000|  0%| F|  |TAMS 0x0000000085000000, 0x0000000085000000| Untracked 
|  81|0x0000000085100000, 0x0000000085100000, 0x0000000085200000|  0%| F|  |TAMS 0x0000000085100000, 0x0000000085100000| Untracked 
|  82|0x0000000085200000, 0x0000000085200000, 0x0000000085300000|  0%| F|  |TAMS 0x0000000085200000, 0x0000000085200000| Untracked 
|  83|0x0000000085300000, 0x0000000085300000, 0x0000000085400000|  0%| F|  |TAMS 0x0000000085300000, 0x0000000085300000| Untracked 
|  84|0x0000000085400000, 0x0000000085400000, 0x0000000085500000|  0%| F|  |TAMS 0x0000000085400000, 0x0000000085400000| Untracked 
|  85|0x0000000085500000, 0x0000000085500000, 0x0000000085600000|  0%| F|  |TAMS 0x0000000085500000, 0x0000000085500000| Untracked 
|  86|0x0000000085600000, 0x0000000085600000, 0x0000000085700000|  0%| F|  |TAMS 0x0000000085600000, 0x0000000085600000| Untracked 
|  87|0x0000000085700000, 0x0000000085700000, 0x0000000085800000|  0%| F|  |TAMS 0x0000000085700000, 0x0000000085700000| Untracked 
|  88|0x0000000085800000, 0x0000000085800000, 0x0000000085900000|  0%| F|  |TAMS 0x0000000085800000, 0x0000000085800000| Untracked 
|  89|0x0000000085900000, 0x0000000085900000, 0x0000000085a00000|  0%| F|  |TAMS 0x0000000085900000, 0x0000000085900000| Untracked 
|  90|0x0000000085a00000, 0x0000000085a00000, 0x0000000085b00000|  0%| F|  |TAMS 0x0000000085a00000, 0x0000000085a00000| Untracked 
|  91|0x0000000085b00000, 0x0000000085b00000, 0x0000000085c00000|  0%| F|  |TAMS 0x0000000085b00000, 0x0000000085b00000| Untracked 
|  92|0x0000000085c00000, 0x0000000085c00000, 0x0000000085d00000|  0%| F|  |TAMS 0x0000000085c00000, 0x0000000085c00000| Untracked 
|  93|0x0000000085d00000, 0x0000000085d00000, 0x0000000085e00000|  0%| F|  |TAMS 0x0000000085d00000, 0x0000000085d00000| Untracked 
|  94|0x0000000085e00000, 0x0000000085e00000, 0x0000000085f00000|  0%| F|  |TAMS 0x0000000085e00000, 0x0000000085e00000| Untracked 
|  95|0x0000000085f00000, 0x0000000085f00000, 0x0000000086000000|  0%| F|  |TAMS 0x0000000085f00000, 0x0000000085f00000| Untracked 
|  96|0x0000000086000000, 0x0000000086000000, 0x0000000086100000|  0%| F|  |TAMS 0x0000000086000000, 0x0000000086000000| Untracked 
|  97|0x0000000086100000, 0x0000000086100000, 0x0000000086200000|  0%| F|  |TAMS 0x0000000086100000, 0x0000000086100000| Untracked 
|  98|0x0000000086200000, 0x0000000086200000, 0x0000000086300000|  0%| F|  |TAMS 0x0000000086200000, 0x0000000086200000| Untracked 
|  99|0x0000000086300000, 0x0000000086300000, 0x0000000086400000|  0%| F|  |TAMS 0x0000000086300000, 0x0000000086300000| Untracked 
| 100|0x0000000086400000, 0x0000000086400000, 0x0000000086500000|  0%| F|  |TAMS 0x0000000086400000, 0x0000000086400000| Untracked 
| 101|0x0000000086500000, 0x0000000086500000, 0x0000000086600000|  0%| F|  |TAMS 0x0000000086500000, 0x0000000086500000| Untracked 
| 102|0x0000000086600000, 0x0000000086600000, 0x0000000086700000|  0%| F|  |TAMS 0x0000000086600000, 0x0000000086600000| Untracked 
| 103|0x0000000086700000, 0x0000000086700000, 0x0000000086800000|  0%| F|  |TAMS 0x0000000086700000, 0x0000000086700000| Untracked 
| 104|0x0000000086800000, 0x0000000086800000, 0x0000000086900000|  0%| F|  |TAMS 0x0000000086800000, 0x0000000086800000| Untracked 
| 105|0x0000000086900000, 0x0000000086900000, 0x0000000086a00000|  0%| F|  |TAMS 0x0000000086900000, 0x0000000086900000| Untracked 
| 106|0x0000000086a00000, 0x0000000086a00000, 0x0000000086b00000|  0%| F|  |TAMS 0x0000000086a00000, 0x0000000086a00000| Untracked 
| 107|0x0000000086b00000, 0x0000000086b00000, 0x0000000086c00000|  0%| F|  |TAMS 0x0000000086b00000, 0x0000000086b00000| Untracked 
| 108|0x0000000086c00000, 0x0000000086c00000, 0x0000000086d00000|  0%| F|  |TAMS 0x0000000086c00000, 0x0000000086c00000| Untracked 
| 109|0x0000000086d00000, 0x0000000086d00000, 0x0000000086e00000|  0%| F|  |TAMS 0x0000000086d00000, 0x0000000086d00000| Untracked 
| 110|0x0000000086e00000, 0x0000000086e00000, 0x0000000086f00000|  0%| F|  |TAMS 0x0000000086e00000, 0x0000000086e00000| Untracked 
| 111|0x0000000086f00000, 0x0000000086f00000, 0x0000000087000000|  0%| F|  |TAMS 0x0000000086f00000, 0x0000000086f00000| Untracked 
| 112|0x0000000087000000, 0x0000000087000000, 0x0000000087100000|  0%| F|  |TAMS 0x0000000087000000, 0x0000000087000000| Untracked 
| 113|0x0000000087100000, 0x0000000087100000, 0x0000000087200000|  0%| F|  |TAMS 0x0000000087100000, 0x0000000087100000| Untracked 
| 114|0x0000000087200000, 0x0000000087281f10, 0x0000000087300000| 50%| E|  |TAMS 0x0000000087200000, 0x0000000087200000| Complete 
| 115|0x0000000087300000, 0x0000000087400000, 0x0000000087400000|100%| E|CS|TAMS 0x0000000087300000, 0x0000000087300000| Complete 
| 116|0x0000000087400000, 0x0000000087500000, 0x0000000087500000|100%| E|CS|TAMS 0x0000000087400000, 0x0000000087400000| Complete 
| 117|0x0000000087500000, 0x0000000087600000, 0x0000000087600000|100%| E|CS|TAMS 0x0000000087500000, 0x0000000087500000| Complete 
| 118|0x0000000087600000, 0x0000000087700000, 0x0000000087700000|100%| E|CS|TAMS 0x0000000087600000, 0x0000000087600000| Complete 
| 119|0x0000000087700000, 0x0000000087800000, 0x0000000087800000|100%| E|CS|TAMS 0x0000000087700000, 0x0000000087700000| Complete 
| 120|0x0000000087800000, 0x0000000087900000, 0x0000000087900000|100%| E|CS|TAMS 0x0000000087800000, 0x0000000087800000| Complete 
| 121|0x0000000087900000, 0x0000000087a00000, 0x0000000087a00000|100%| E|CS|TAMS 0x0000000087900000, 0x0000000087900000| Complete 
| 122|0x0000000087a00000, 0x0000000087b00000, 0x0000000087b00000|100%| E|CS|TAMS 0x0000000087a00000, 0x0000000087a00000| Complete 
| 123|0x0000000087b00000, 0x0000000087c00000, 0x0000000087c00000|100%| E|CS|TAMS 0x0000000087b00000, 0x0000000087b00000| Complete 
| 124|0x0000000087c00000, 0x0000000087d00000, 0x0000000087d00000|100%| E|CS|TAMS 0x0000000087c00000, 0x0000000087c00000| Complete 
| 125|0x0000000087d00000, 0x0000000087e00000, 0x0000000087e00000|100%| E|CS|TAMS 0x0000000087d00000, 0x0000000087d00000| Complete 

Card table byte_map: [0x000002a2b9e40000,0x000002a2ba240000] _byte_map_base: 0x000002a2b9a40000

Marking Bits (Prev, Next): (CMBitMap*) 0x000002a2a6c709c8, (CMBitMap*) 0x000002a2a6c70a00
 Prev Bits: [0x000002a2ba640000, 0x000002a2bc640000)
 Next Bits: [0x000002a2bc640000, 0x000002a2be640000)

Polling page: 0x000002a2a4b70000

Metaspace:

Usage:
  Non-class:     50.37 MB capacity,    49.45 MB ( 98%) used,   792.02 KB (  2%) free+waste,   154.19 KB ( <1%) overhead. 
      Class:      7.77 MB capacity,     7.20 MB ( 93%) used,   507.05 KB (  6%) free+waste,    73.38 KB ( <1%) overhead. 
       Both:     58.14 MB capacity,    56.65 MB ( 97%) used,     1.27 MB (  2%) free+waste,   227.56 KB ( <1%) overhead. 

Virtual space:
  Non-class space:       52.00 MB reserved,      50.50 MB ( 97%) committed 
      Class space:        1.00 GB reserved,       7.88 MB ( <1%) committed 
             Both:        1.05 GB reserved,      58.38 MB (  5%) committed 

Chunk freelists:
   Non-Class:  4.00 KB
       Class:  13.00 KB
        Both:  17.00 KB

MaxMetaspaceSize: 17179869184.00 GB
CompressedClassSpaceSize: 1.00 GB

CodeHeap 'non-profiled nmethods': size=120000Kb used=3323Kb max_used=3323Kb free=116676Kb
 bounds [0x000002a2b21e0000, 0x000002a2b2520000, 0x000002a2b9710000]
CodeHeap 'profiled nmethods': size=120000Kb used=12113Kb max_used=12113Kb free=107886Kb
 bounds [0x000002a2aacb0000, 0x000002a2ab890000, 0x000002a2b21e0000]
CodeHeap 'non-nmethods': size=5760Kb used=2246Kb max_used=2275Kb free=3514Kb
 bounds [0x000002a2aa710000, 0x000002a2aa980000, 0x000002a2aacb0000]
 total_blobs=6594 nmethods=5763 adapters=742
 compilation: enabled
              stopped_count=0, restarted_count=0
 full_count=0

Compilation events (20 events):
Event: 8.159 Thread 0x000002a2c10c5800 5764       3       com.sun.jmx.mbeanserver.MXBeanIntrospector::originalTypeString (20 bytes)
Event: 8.160 Thread 0x000002a2c10c5800 nmethod 5764 0x000002a2ab874910 code [0x000002a2ab874b00, 0x000002a2ab874f18]
Event: 8.160 Thread 0x000002a2c10c5800 5765       3       javax.management.ImmutableDescriptor::union (308 bytes)
Event: 8.161 Thread 0x000002a2c10c5800 nmethod 5765 0x000002a2ab875010 code [0x000002a2ab875380, 0x000002a2ab876d88]
Event: 8.161 Thread 0x000002a2c10c5800 5766       3       javax.management.MBeanFeatureInfo::<init> (20 bytes)
Event: 8.161 Thread 0x000002a2c10c5800 nmethod 5766 0x000002a2ab877690 code [0x000002a2ab877840, 0x000002a2ab877ab8]
Event: 8.167 Thread 0x000002a2c10c5800 5768       3       java.util.concurrent.ConcurrentHashMap$ValuesView::iterator (34 bytes)
Event: 8.168 Thread 0x000002a2c10c5800 nmethod 5768 0x000002a2ab877b90 code [0x000002a2ab877d80, 0x000002a2ab878118]
Event: 8.225 Thread 0x000002a2c10c5800 5769       3       java.security.SecureClassLoader::defineClass (16 bytes)
Event: 8.225 Thread 0x000002a2c10c5800 nmethod 5769 0x000002a2ab878310 code [0x000002a2ab8784e0, 0x000002a2ab878678]
Event: 8.265 Thread 0x000002a2c10c5800 5770       3       com.google.common.reflect.TypeResolver::resolveTypes (32 bytes)
Event: 8.266 Thread 0x000002a2c10c5800 nmethod 5770 0x000002a2ab878790 code [0x000002a2ab878960, 0x000002a2ab878da8]
Event: 8.267 Thread 0x000002a2c10c5800 5771       3       com.google.common.reflect.Types$ClassOwnership$2::getOwnerType (14 bytes)
Event: 8.267 Thread 0x000002a2c10c5800 nmethod 5771 0x000002a2ab878f10 code [0x000002a2ab879120, 0x000002a2ab8795c8]
Event: 8.267 Thread 0x000002a2c10c5800 5772       3       com.google.common.reflect.Types::newParameterizedTypeWithOwner (44 bytes)
Event: 8.268 Thread 0x000002a2c10c5800 nmethod 5772 0x000002a2ab879790 code [0x000002a2ab879a60, 0x000002a2ab87a708]
Event: 8.268 Thread 0x000002a2c10c5800 5773       3       com.google.common.reflect.Types::newParameterizedType (17 bytes)
Event: 8.269 Thread 0x000002a2c10c5800 nmethod 5773 0x000002a2ab87ab90 code [0x000002a2ab87adc0, 0x000002a2ab87b358]
Event: 8.269 Thread 0x000002a2c10c5800 5774       3       com.google.common.reflect.Types$ParameterizedTypeImpl::<init> (55 bytes)
Event: 8.270 Thread 0x000002a2c10c5800 nmethod 5774 0x000002a2ab87b590 code [0x000002a2ab87b820, 0x000002a2ab87c3a8]

GC Heap History (18 events):
Event: 0.986 GC heap before
{Heap before GC invocations=0 (full 0):
 garbage-first heap   total 129024K, used 29696K [0x0000000080000000, 0x0000000100000000)
  region size 1024K, 24 young (24576K), 0 survivors (0K)
 Metaspace       used 10210K, capacity 10437K, committed 10624K, reserved 1058816K
  class space    used 1064K, capacity 1139K, committed 1152K, reserved 1048576K
}
Event: 0.991 GC heap after
{Heap after GC invocations=1 (full 0):
 garbage-first heap   total 129024K, used 9516K [0x0000000080000000, 0x0000000100000000)
  region size 1024K, 3 young (3072K), 3 survivors (3072K)
 Metaspace       used 10210K, capacity 10437K, committed 10624K, reserved 1058816K
  class space    used 1064K, capacity 1139K, committed 1152K, reserved 1048576K
}
Event: 2.279 GC heap before
{Heap before GC invocations=1 (full 0):
 garbage-first heap   total 129024K, used 83244K [0x0000000080000000, 0x0000000100000000)
  region size 1024K, 75 young (76800K), 3 survivors (3072K)
 Metaspace       used 17689K, capacity 18168K, committed 18432K, reserved 1064960K
  class space    used 2088K, capacity 2238K, committed 2304K, reserved 1048576K
}
Event: 2.284 GC heap after
{Heap after GC invocations=2 (full 0):
 garbage-first heap   total 129024K, used 16347K [0x0000000080000000, 0x0000000100000000)
  region size 1024K, 10 young (10240K), 10 survivors (10240K)
 Metaspace       used 17689K, capacity 18168K, committed 18432K, reserved 1064960K
  class space    used 2088K, capacity 2238K, committed 2304K, reserved 1048576K
}
Event: 2.470 GC heap before
{Heap before GC invocations=2 (full 0):
 garbage-first heap   total 129024K, used 37851K [0x0000000080000000, 0x0000000100000000)
  region size 1024K, 32 young (32768K), 10 survivors (10240K)
 Metaspace       used 20535K, capacity 21104K, committed 21248K, reserved 1067008K
  class space    used 2503K, capacity 2690K, committed 2816K, reserved 1048576K
}
Event: 2.475 GC heap after
{Heap after GC invocations=3 (full 0):
 garbage-first heap   total 129024K, used 17357K [0x0000000080000000, 0x0000000100000000)
  region size 1024K, 1 young (1024K), 1 survivors (1024K)
 Metaspace       used 20535K, capacity 21104K, committed 21248K, reserved 1067008K
  class space    used 2503K, capacity 2690K, committed 2816K, reserved 1048576K
}
Event: 2.942 GC heap before
{Heap before GC invocations=4 (full 0):
 garbage-first heap   total 129024K, used 71629K [0x0000000080000000, 0x0000000100000000)
  region size 1024K, 55 young (56320K), 1 survivors (1024K)
 Metaspace       used 26018K, capacity 26695K, committed 26752K, reserved 1073152K
  class space    used 3405K, capacity 3665K, committed 3712K, reserved 1048576K
}
Event: 2.945 GC heap after
{Heap after GC invocations=5 (full 0):
 garbage-first heap   total 129024K, used 18887K [0x0000000080000000, 0x0000000100000000)
  region size 1024K, 3 young (3072K), 3 survivors (3072K)
 Metaspace       used 26018K, capacity 26695K, committed 26752K, reserved 1073152K
  class space    used 3405K, capacity 3665K, committed 3712K, reserved 1048576K
}
Event: 3.615 GC heap before
{Heap before GC invocations=5 (full 0):
 garbage-first heap   total 129024K, used 74183K [0x0000000080000000, 0x0000000100000000)
  region size 1024K, 58 young (59392K), 3 survivors (3072K)
 Metaspace       used 35029K, capacity 35806K, committed 35840K, reserved 1081344K
  class space    used 4535K, capacity 4832K, committed 4864K, reserved 1048576K
}
Event: 3.623 GC heap after
{Heap after GC invocations=6 (full 0):
 garbage-first heap   total 129024K, used 22466K [0x0000000080000000, 0x0000000100000000)
  region size 1024K, 6 young (6144K), 6 survivors (6144K)
 Metaspace       used 35029K, capacity 35806K, committed 35840K, reserved 1081344K
  class space    used 4535K, capacity 4832K, committed 4864K, reserved 1048576K
}
Event: 4.185 GC heap before
{Heap before GC invocations=7 (full 0):
 garbage-first heap   total 129024K, used 85954K [0x0000000080000000, 0x0000000100000000)
  region size 1024K, 66 young (67584K), 6 survivors (6144K)
 Metaspace       used 39492K, capacity 40374K, committed 40576K, reserved 1085440K
  class space    used 5043K, capacity 5390K, committed 5504K, reserved 1048576K
}
Event: 4.191 GC heap after
{Heap after GC invocations=8 (full 0):
 garbage-first heap   total 129024K, used 27474K [0x0000000080000000, 0x0000000100000000)
  region size 1024K, 9 young (9216K), 9 survivors (9216K)
 Metaspace       used 39492K, capacity 40374K, committed 40576K, reserved 1085440K
  class space    used 5043K, capacity 5390K, committed 5504K, reserved 1048576K
}
Event: 4.992 GC heap before
{Heap before GC invocations=8 (full 0):
 garbage-first heap   total 129024K, used 88914K [0x0000000080000000, 0x0000000100000000)
  region size 1024K, 68 young (69632K), 9 survivors (9216K)
 Metaspace       used 44899K, capacity 46005K, committed 46208K, reserved 1089536K
  class space    used 5768K, capacity 6155K, committed 6272K, reserved 1048576K
}
Event: 4.999 GC heap after
{Heap after GC invocations=9 (full 0):
 garbage-first heap   total 129024K, used 29496K [0x0000000080000000, 0x0000000100000000)
  region size 1024K, 3 young (3072K), 3 survivors (3072K)
 Metaspace       used 44899K, capacity 46005K, committed 46208K, reserved 1089536K
  class space    used 5768K, capacity 6155K, committed 6272K, reserved 1048576K
}
Event: 6.343 GC heap before
{Heap before GC invocations=9 (full 0):
 garbage-first heap   total 129024K, used 94008K [0x0000000080000000, 0x0000000100000000)
  region size 1024K, 63 young (64512K), 3 survivors (3072K)
 Metaspace       used 48214K, capacity 49521K, committed 49664K, reserved 1091584K
  class space    used 6162K, capacity 6646K, committed 6656K, reserved 1048576K
}
Event: 6.348 GC heap after
{Heap after GC invocations=10 (full 0):
 garbage-first heap   total 129024K, used 41418K [0x0000000080000000, 0x0000000100000000)
  region size 1024K, 8 young (8192K), 8 survivors (8192K)
 Metaspace       used 48214K, capacity 49521K, committed 49664K, reserved 1091584K
  class space    used 6162K, capacity 6646K, committed 6656K, reserved 1048576K
}
Event: 7.801 GC heap before
{Heap before GC invocations=10 (full 0):
 garbage-first heap   total 129024K, used 95690K [0x0000000080000000, 0x0000000100000000)
  region size 1024K, 61 young (62464K), 8 survivors (8192K)
 Metaspace       used 56162K, capacity 57575K, committed 57856K, reserved 1099776K
  class space    used 7112K, capacity 7642K, committed 7680K, reserved 1048576K
}
Event: 7.808 GC heap after
{Heap after GC invocations=11 (full 0):
 garbage-first heap   total 129024K, used 44072K [0x0000000080000000, 0x0000000100000000)
  region size 1024K, 3 young (3072K), 3 survivors (3072K)
 Metaspace       used 56162K, capacity 57575K, committed 57856K, reserved 1099776K
  class space    used 7112K, capacity 7642K, committed 7680K, reserved 1048576K
}

Deoptimization events (20 events):
Event: 7.103 Thread 0x000002a2c1a9c800 Uncommon trap: trap_request=0xffffff4d fr.pc=0x000002a2b24f6d20 relative=0x0000000000000420
Event: 7.103 Thread 0x000002a2c1a9c800 Uncommon trap: reason=unstable_if action=reinterpret pc=0x000002a2b24f6d20 method=org.gradle.internal.instantiation.generator.AbstractClassGenerator$InjectionAnnotationValidator.validateMethod(Ljava/lang/reflect/Method;Lorg/gradle/internal/reflect/Propert
Event: 7.103 Thread 0x000002a2c1a9c800 DEOPT PACKING pc=0x000002a2b24f6d20 sp=0x000000c0dd4f8570
Event: 7.103 Thread 0x000002a2c1a9c800 DEOPT UNPACKING pc=0x000002a2aa7378af sp=0x000000c0dd4f8538 mode 2
Event: 7.808 Thread 0x000002a2c1a97800 Uncommon trap: trap_request=0xffffffde fr.pc=0x000002a2b232316c relative=0x000000000000052c
Event: 7.808 Thread 0x000002a2c1a97800 Uncommon trap: reason=class_check action=maybe_recompile pc=0x000002a2b232316c method=jdk.internal.ref.PhantomCleanable.clean()V @ 12 c2
Event: 7.808 Thread 0x000002a2c1a97800 DEOPT PACKING pc=0x000002a2b232316c sp=0x000000c0dcaff0b0
Event: 7.808 Thread 0x000002a2c1a97800 DEOPT UNPACKING pc=0x000002a2aa7378af sp=0x000000c0dcaff090 mode 2
Event: 8.078 Thread 0x000002a2c1a9c800 Uncommon trap: trap_request=0xffffff7e fr.pc=0x000002a2b23edd1c relative=0x00000000000001bc
Event: 8.078 Thread 0x000002a2c1a9c800 Uncommon trap: reason=predicate action=maybe_recompile pc=0x000002a2b23edd1c method=java.util.Arrays.binarySearch0([Ljava/lang/Object;IILjava/lang/Object;Ljava/util/Comparator;)I @ 25 c2
Event: 8.078 Thread 0x000002a2c1a9c800 DEOPT PACKING pc=0x000002a2b23edd1c sp=0x000000c0dd4f41b0
Event: 8.078 Thread 0x000002a2c1a9c800 DEOPT UNPACKING pc=0x000002a2aa7378af sp=0x000000c0dd4f4118 mode 2
Event: 8.166 Thread 0x000002a2c1a9c800 Uncommon trap: trap_request=0xffffff4d fr.pc=0x000002a2b24c8f48 relative=0x0000000000000228
Event: 8.166 Thread 0x000002a2c1a9c800 Uncommon trap: reason=unstable_if action=reinterpret pc=0x000002a2b24c8f48 method=java.security.SecureClassLoader$CodeSourceKey.hashCode()I @ 9 c2
Event: 8.166 Thread 0x000002a2c1a9c800 DEOPT PACKING pc=0x000002a2b24c8f48 sp=0x000000c0dd4f3300
Event: 8.166 Thread 0x000002a2c1a9c800 DEOPT UNPACKING pc=0x000002a2aa7378af sp=0x000000c0dd4f3290 mode 2
Event: 8.166 Thread 0x000002a2c1a9c800 Uncommon trap: trap_request=0xffffff4d fr.pc=0x000002a2b24e7048 relative=0x00000000000022c8
Event: 8.166 Thread 0x000002a2c1a9c800 Uncommon trap: reason=unstable_if action=reinterpret pc=0x000002a2b24e7048 method=java.lang.ClassLoader.defineClassSourceLocation(Ljava/security/ProtectionDomain;)Ljava/lang/String; @ 15 c2
Event: 8.166 Thread 0x000002a2c1a9c800 DEOPT PACKING pc=0x000002a2b24e7048 sp=0x000000c0dd4f34a0
Event: 8.166 Thread 0x000002a2c1a9c800 DEOPT UNPACKING pc=0x000002a2aa7378af sp=0x000000c0dd4f33c0 mode 2

Classes redefined (0 events):
No events

Internal exceptions (20 events):
Event: 6.262 Thread 0x000002a2c4163800 Exception <a 'java/lang/NoSuchMethodError'{0x00000000847217d8}: <clinit>> (0x00000000847217d8) thrown at [./src/hotspot/share/prims/jni.cpp, line 1362]
Event: 6.262 Thread 0x000002a2c4163800 Exception <a 'java/lang/NoSuchMethodError'{0x00000000847227f8}: <clinit>> (0x00000000847227f8) thrown at [./src/hotspot/share/prims/jni.cpp, line 1362]
Event: 6.263 Thread 0x000002a2c4163800 Exception <a 'java/lang/NoSuchMethodError'{0x000000008472c5e0}: <clinit>> (0x000000008472c5e0) thrown at [./src/hotspot/share/prims/jni.cpp, line 1362]
Event: 6.263 Thread 0x000002a2c4163800 Exception <a 'java/lang/NoSuchMethodError'{0x0000000084736a50}: <clinit>> (0x0000000084736a50) thrown at [./src/hotspot/share/prims/jni.cpp, line 1362]
Event: 6.265 Thread 0x000002a2c4163800 Exception <a 'java/lang/NoSuchMethodError'{0x000000008474a7d8}: <clinit>> (0x000000008474a7d8) thrown at [./src/hotspot/share/prims/jni.cpp, line 1362]
Event: 6.279 Thread 0x000002a2c1a9c800 Exception <a 'java/lang/ClassNotFoundException'{0x000000008476d768}: build_44s6accswt00v830j6flny8f0BeanInfo> (0x000000008476d768) thrown at [./src/hotspot/share/classfile/systemDictionary.cpp, line 231]
Event: 6.279 Thread 0x000002a2c1a9c800 Exception <a 'java/lang/ClassNotFoundException'{0x0000000084778690}: build_44s6accswt00v830j6flny8f0Customizer> (0x0000000084778690) thrown at [./src/hotspot/share/classfile/systemDictionary.cpp, line 231]
Event: 6.287 Thread 0x000002a2c1a9c800 Exception <a 'java/lang/ClassNotFoundException'{0x00000000847f8b38}: org/gradle/plugin/use/internal/PluginRequestCollector$PluginDependenciesSpecImplBeanInfo> (0x00000000847f8b38) thrown at [./src/hotspot/share/classfile/systemDictionary.cpp, line 231]
Event: 6.288 Thread 0x000002a2c1a9c800 Exception <a 'java/lang/ClassNotFoundException'{0x0000000084626ef0}: org/gradle/plugin/use/internal/PluginRequestCollector$PluginDependenciesSpecImplCustomizer> (0x0000000084626ef0) thrown at [./src/hotspot/share/classfile/systemDictionary.cpp, line 231]
Event: 6.317 Thread 0x000002a2c1a9c800 Exception <a 'java/lang/ClassNotFoundException'{0x00000000844a4810}: org/gradle/api/internal/plugins/DefaultObjectConfigurationActionBeanInfo> (0x00000000844a4810) thrown at [./src/hotspot/share/classfile/systemDictionary.cpp, line 231]
Event: 6.318 Thread 0x000002a2c1a9c800 Exception <a 'java/lang/ClassNotFoundException'{0x00000000844d7bb0}: org/gradle/api/internal/plugins/DefaultObjectConfigurationActionCustomizer> (0x00000000844d7bb0) thrown at [./src/hotspot/share/classfile/systemDictionary.cpp, line 231]
Event: 6.449 Thread 0x000002a2c1a9c800 Exception <a 'java/lang/NoSuchMethodError'{0x00000000876acc68}: 'java.lang.Object java.lang.invoke.DirectMethodHandle$Holder.invokeStatic(java.lang.Object, java.lang.Object, java.lang.Object, java.lang.Object, int)'> (0x00000000876acc68) thrown at [./src/hotspot/share/interpreter/linkResolver.cpp, line 773]
Event: 6.450 Thread 0x000002a2c1a9c800 Exception <a 'java/lang/NoSuchMethodError'{0x00000000876b1660}: 'java.lang.Object java.lang.invoke.DirectMethodHandle$Holder.invokeSpecial(java.lang.Object, java.lang.Object, java.lang.Object, java.lang.Object, java.lang.Object, int)'> (0x00000000876b1660) thrown at [./src/hotspot/share/interpreter/linkResolver.cpp, line 773]
Event: 6.450 Thread 0x000002a2c1a9c800 Exception <a 'java/lang/NoSuchMethodError'{0x00000000876b5ca0}: 'java.lang.Object java.lang.invoke.Invokers$Holder.linkToTargetMethod(java.lang.Object, java.lang.Object, java.lang.Object, int, java.lang.Object)'> (0x00000000876b5ca0) thrown at [./src/hotspot/share/interpreter/linkResolver.cpp, line 773]
Event: 6.731 Thread 0x000002a2c1a9c800 Exception <a 'java/lang/NoSuchMethodError'{0x000000008676aeb8}: 'java.lang.Object java.lang.invoke.DirectMethodHandle$Holder.invokeSpecial(java.lang.Object, java.lang.Object, int, int, java.lang.Object, java.lang.Object, java.lang.Object)'> (0x000000008676aeb8) thrown at [./src/hotspot/share/interpreter/linkResolver.cpp, line 773]
Event: 6.731 Thread 0x000002a2c1a9c800 Exception <a 'java/lang/NoSuchMethodError'{0x000000008676f438}: 'java.lang.Object java.lang.invoke.DelegatingMethodHandle$Holder.reinvoke_L(java.lang.Object, int, int, java.lang.Object, java.lang.Object, java.lang.Object)'> (0x000000008676f438) thrown at [./src/hotspot/share/interpreter/linkResolver.cpp, line 773]
Event: 7.079 Thread 0x000002a2c1a9c800 Exception <a 'java/lang/NoSuchMethodError'{0x0000000085cdc4e0}: 'int java.lang.invoke.DirectMethodHandle$Holder.invokeInterface(java.lang.Object, java.lang.Object, java.lang.Object, java.lang.Object)'> (0x0000000085cdc4e0) thrown at [./src/hotspot/share/interpreter/linkResolver.cpp, line 773]
Event: 7.703 Thread 0x000002a2c1a9c800 Exception <a 'java/lang/NoSuchMethodError'{0x0000000084caa610}: 'void java.lang.invoke.DirectMethodHandle$Holder.invokeInterface(java.lang.Object, java.lang.Object, java.lang.Object, java.lang.Object)'> (0x0000000084caa610) thrown at [./src/hotspot/share/interpreter/linkResolver.cpp, line 773]
Event: 8.047 Thread 0x000002a2c1a9c800 Exception <a 'java/lang/IncompatibleClassChangeError'{0x00000000879d3d28}: Found class java.lang.Object, but interface was expected> (0x00000000879d3d28) thrown at [./src/hotspot/share/interpreter/linkResolver.cpp, line 839]
Event: 8.166 Thread 0x000002a2c1a9c800 Implicit null exception at 0x000002a2b24c8d54 to 0x000002a2b24c8f38

Events (20 events):
Event: 8.273 loading class org/gradle/api/Task
Event: 8.273 loading class org/gradle/api/Task done
Event: 8.273 loading class org/gradle/api/Action
Event: 8.273 loading class org/gradle/api/Action done
Event: 8.274 loading class org/gradle/api/Task
Event: 8.274 loading class org/gradle/api/Task done
Event: 8.275 loading class org/gradle/api/Action
Event: 8.275 loading class org/gradle/api/Action done
Event: 8.277 loading class org/gradle/api/file/FileCollection
Event: 8.277 loading class org/gradle/api/file/FileCollection done
Event: 8.277 loading class com/android/builder/model/OptionalCompilationStep
Event: 8.277 loading class com/android/builder/model/OptionalCompilationStep done
Event: 8.278 loading class com/android/build/api/artifact/impl/ArtifactsImpl
Event: 8.278 loading class com/android/build/api/artifact/impl/ArtifactsImpl done
Event: 8.281 loading class com/android/build/api/artifact/Artifacts
Event: 8.281 loading class com/android/build/api/artifact/Artifacts done
Event: 8.282 loading class com/android/build/api/artifact/impl/StorageProviderImpl
Event: 8.282 loading class com/android/build/api/artifact/impl/StorageProviderImpl done
Event: 8.283 loading class com/android/build/api/artifact/impl/TypedStorageProvider
Event: 8.283 loading class com/android/build/api/artifact/impl/TypedStorageProvider done


Dynamic libraries:
0x00007ff65c3c0000 - 0x00007ff65c3ca000 	C:\Program Files\Android\Android Studio\jre\bin\java.exe
0x00007ffecd9d0000 - 0x00007ffecdbbd000 	C:\Windows\SYSTEM32\ntdll.dll
0x00007ffecb080000 - 0x00007ffecb134000 	C:\Windows\System32\KERNEL32.DLL
0x00007ffeca2e0000 - 0x00007ffeca574000 	C:\Windows\System32\KERNELBASE.dll
0x00007ffec9a70000 - 0x00007ffec9b6a000 	C:\Windows\System32\ucrtbase.dll
0x00007ffeb0ff0000 - 0x00007ffeb1009000 	C:\Program Files\Android\Android Studio\jre\bin\jli.dll
0x00007ffeab3a0000 - 0x00007ffeab3b7000 	C:\Program Files\Android\Android Studio\jre\bin\VCRUNTIME140.dll
0x00007ffecbe00000 - 0x00007ffecbf97000 	C:\Windows\System32\USER32.dll
0x00007ffea90d0000 - 0x00007ffea9349000 	C:\Windows\WinSxS\amd64_microsoft.windows.common-controls_6595b64144ccf1df_6.0.17763.2452_none_de72b7b25349edd3\COMCTL32.dll
0x00007ffeca2c0000 - 0x00007ffeca2e0000 	C:\Windows\System32\win32u.dll
0x00007ffecb4f0000 - 0x00007ffecb58e000 	C:\Windows\System32\msvcrt.dll
0x00007ffecb5f0000 - 0x00007ffecb619000 	C:\Windows\System32\GDI32.dll
0x00007ffecd600000 - 0x00007ffecd92d000 	C:\Windows\System32\combase.dll
0x00007ffeca9b0000 - 0x00007ffecab4c000 	C:\Windows\System32\gdi32full.dll
0x00007ffecb630000 - 0x00007ffecb74d000 	C:\Windows\System32\RPCRT4.dll
0x00007ffeca800000 - 0x00007ffeca8a0000 	C:\Windows\System32\msvcp_win.dll
0x00007ffeca920000 - 0x00007ffeca9a2000 	C:\Windows\System32\bcryptPrimitives.dll
0x00007ffecbdd0000 - 0x00007ffecbdfe000 	C:\Windows\System32\IMM32.DLL
0x00007ffe8ca80000 - 0x00007ffe8cb1d000 	C:\Program Files\Android\Android Studio\jre\bin\msvcp140.dll
0x00007ffe5e810000 - 0x00007ffe5f2df000 	C:\Program Files\Android\Android Studio\jre\bin\server\jvm.dll
0x00007ffecbd20000 - 0x00007ffecbdc7000 	C:\Windows\System32\ADVAPI32.dll
0x00007ffecb810000 - 0x00007ffecb8af000 	C:\Windows\System32\sechost.dll
0x00007ffecb4e0000 - 0x00007ffecb4e8000 	C:\Windows\System32\PSAPI.DLL
0x00007ffec7590000 - 0x00007ffec7599000 	C:\Windows\SYSTEM32\WSOCK32.dll
0x00007ffec4d30000 - 0x00007ffec4d3a000 	C:\Windows\SYSTEM32\VERSION.dll
0x00007ffecd930000 - 0x00007ffecd99d000 	C:\Windows\System32\WS2_32.dll
0x00007ffec69b0000 - 0x00007ffec69d4000 	C:\Windows\SYSTEM32\WINMM.dll
0x00007ffec6980000 - 0x00007ffec69ad000 	C:\Windows\SYSTEM32\WINMMBASE.dll
0x00007ffeca580000 - 0x00007ffeca5ca000 	C:\Windows\System32\cfgmgr32.dll
0x00007ffec9a50000 - 0x00007ffec9a61000 	C:\Windows\System32\kernel.appcore.dll
0x00007ffec5e10000 - 0x00007ffec5e21000 	C:\Program Files\Android\Android Studio\jre\bin\verify.dll
0x00007ffeb9210000 - 0x00007ffeb93fd000 	C:\Windows\SYSTEM32\DBGHELP.DLL
0x00007ffeb63c0000 - 0x00007ffeb63ea000 	C:\Windows\SYSTEM32\dbgcore.DLL
0x00007ffebc6e0000 - 0x00007ffebc709000 	C:\Program Files\Android\Android Studio\jre\bin\java.dll
0x00007ffebcd80000 - 0x00007ffebcd8b000 	C:\Program Files\Android\Android Studio\jre\bin\jimage.dll
0x00007ffebc920000 - 0x00007ffebc938000 	C:\Program Files\Android\Android Studio\jre\bin\zip.dll
0x00007ffecc100000 - 0x00007ffecd5f9000 	C:\Windows\System32\SHELL32.dll
0x00007ffecb760000 - 0x00007ffecb808000 	C:\Windows\System32\shcore.dll
0x00007ffec9b70000 - 0x00007ffeca2bb000 	C:\Windows\System32\windows.storage.dll
0x00007ffec99a0000 - 0x00007ffec99c4000 	C:\Windows\System32\profapi.dll
0x00007ffec99f0000 - 0x00007ffec9a4d000 	C:\Windows\System32\powrprof.dll
0x00007ffecb590000 - 0x00007ffecb5e2000 	C:\Windows\System32\shlwapi.dll
0x00007ffeca8a0000 - 0x00007ffeca8b7000 	C:\Windows\System32\cryptsp.dll
0x00007ffebc8e0000 - 0x00007ffebc8fa000 	C:\Program Files\Android\Android Studio\jre\bin\net.dll
0x00007ffebed50000 - 0x00007ffebee41000 	C:\Windows\SYSTEM32\WINHTTP.dll
0x00007ffec91f0000 - 0x00007ffec9257000 	C:\Windows\system32\mswsock.dll
0x00007ffebc6c0000 - 0x00007ffebc6d4000 	C:\Program Files\Android\Android Studio\jre\bin\nio.dll
0x00007ffebbb10000 - 0x00007ffebbb37000 	C:\Users\Dragonborn\.gradle\native\8bec1ad78214c89d9ad589b4d07fe93259594b29d510b10fafb7a158f7737e5d\windows-amd64\native-platform.dll
0x00007ffebb9d0000 - 0x00007ffebbb0d000 	C:\Users\Dragonborn\.gradle\native\53dbd7edfb1c66fb8903c78663c9afc45aea4f116125fa6feffd364cf09443e8\windows-amd64\native-platform-file-events.dll
0x00007ffebcd70000 - 0x00007ffebcd7a000 	C:\Program Files\Android\Android Studio\jre\bin\management.dll
0x00007ffebca20000 - 0x00007ffebca2c000 	C:\Program Files\Android\Android Studio\jre\bin\management_ext.dll
0x00007ffec8d70000 - 0x00007ffec8da3000 	C:\Windows\system32\rsaenh.dll
0x00007ffeca7d0000 - 0x00007ffeca7f6000 	C:\Windows\System32\bcrypt.dll
0x00007ffec98a0000 - 0x00007ffec98c9000 	C:\Windows\SYSTEM32\USERENV.dll
0x00007ffec93c0000 - 0x00007ffec93cc000 	C:\Windows\SYSTEM32\CRYPTBASE.dll
0x00007ffec8f00000 - 0x00007ffec8f3d000 	C:\Windows\SYSTEM32\IPHLPAPI.DLL
0x00007ffecb750000 - 0x00007ffecb758000 	C:\Windows\System32\NSI.dll
0x00007ffec4950000 - 0x00007ffec4966000 	C:\Windows\SYSTEM32\dhcpcsvc6.DLL
0x00007ffec4930000 - 0x00007ffec494c000 	C:\Windows\SYSTEM32\dhcpcsvc.DLL
0x00007ffec8f40000 - 0x00007ffec9006000 	C:\Windows\SYSTEM32\DNSAPI.dll

dbghelp: loaded successfully - version: 4.0.5 - missing functions: none
symbol engine: initialized successfully - sym options: 0x614 - pdb path: .;C:\Program Files\Android\Android Studio\jre\bin;C:\Windows\SYSTEM32;C:\Windows\WinSxS\amd64_microsoft.windows.common-controls_6595b64144ccf1df_6.0.17763.2452_none_de72b7b25349edd3;C:\Program Files\Android\Android Studio\jre\bin\server;C:\Users\Dragonborn\.gradle\native\8bec1ad78214c89d9ad589b4d07fe93259594b29d510b10fafb7a158f7737e5d\windows-amd64;C:\Users\Dragonborn\.gradle\native\53dbd7edfb1c66fb8903c78663c9afc45aea4f116125fa6feffd364cf09443e8\windows-amd64

VM Arguments:
jvm_args: --add-opens=java.base/java.util=ALL-UNNAMED --add-opens=java.base/java.lang=ALL-UNNAMED --add-opens=java.base/java.lang.invoke=ALL-UNNAMED --add-opens=java.base/java.util=ALL-UNNAMED --add-opens=java.prefs/java.util.prefs=ALL-UNNAMED --add-opens=java.prefs/java.util.prefs=ALL-UNNAMED --add-opens=java.base/java.nio.charset=ALL-UNNAMED --add-opens=java.base/java.net=ALL-UNNAMED --add-opens=java.base/java.util.concurrent.atomic=ALL-UNNAMED -Xmx2048m -Dfile.encoding=UTF-8 -Duser.country=RU -Duser.language=ru -Duser.variant 
java_command: org.gradle.launcher.daemon.bootstrap.GradleDaemon 7.0.2
java_class_path (initial): C:\Users\Dragonborn\.gradle\wrapper\dists\gradle-7.0.2-bin\857tjihv64xamwrf0h14cai3r\gradle-7.0.2\lib\gradle-launcher-7.0.2.jar
Launcher Type: SUN_STANDARD

[Global flags]
     intx CICompilerCount                          = 4                                         {product} {ergonomic}
     uint ConcGCThreads                            = 2                                         {product} {ergonomic}
     uint G1ConcRefinementThreads                  = 8                                         {product} {ergonomic}
   size_t G1HeapRegionSize                         = 1048576                                   {product} {ergonomic}
    uintx GCDrainStackTargetSize                   = 64                                        {product} {ergonomic}
   size_t InitialHeapSize                          = 132120576                                 {product} {ergonomic}
   size_t MarkStackSize                            = 4194304                                   {product} {ergonomic}
   size_t MaxHeapSize                              = 2147483648                                {product} {command line}
   size_t MaxNewSize                               = 1287651328                                {product} {ergonomic}
   size_t MinHeapDeltaBytes                        = 1048576                                   {product} {ergonomic}
    uintx NonNMethodCodeHeapSize                   = 5836300                                {pd product} {ergonomic}
    uintx NonProfiledCodeHeapSize                  = 122910970                              {pd product} {ergonomic}
    uintx ProfiledCodeHeapSize                     = 122910970                              {pd product} {ergonomic}
    uintx ReservedCodeCacheSize                    = 251658240                              {pd product} {ergonomic}
     bool SegmentedCodeCache                       = true                                      {product} {ergonomic}
     bool UseCompressedClassPointers               = true                                 {lp64_product} {ergonomic}
     bool UseCompressedOops                        = true                                 {lp64_product} {ergonomic}
     bool UseG1GC                                  = true                                      {product} {ergonomic}
     bool UseLargePagesIndividualAllocation        = false                                  {pd product} {ergonomic}

Logging:
Log output configuration:
 #0: stdout all=warning uptime,level,tags
 #1: stderr all=off uptime,level,tags

Environment Variables:
PATH=C:\Program Files (x86)\Common Files\Oracle\Java\javapath;C:\Windows\system32;C:\Windows;C:\Windows\System32\Wbem;C:\Windows\System32\WindowsPowerShell\v1.0\;C:\Windows\System32\OpenSSH\;C:\Program Files (x86)\NVIDIA Corporation\PhysX\Common;C:\Program Files\NVIDIA Corporation\NVIDIA NvDLISR;C:\Program Files\Git\cmd;C:\Program Files\PuTTY\;C:\Program Files\dotnet\;C:\Users\Dragonborn\AppData\Local\Programs\Python\Python39\Scripts\;C:\Users\Dragonborn\AppData\Local\Programs\Python\Python39\;C:\Users\Dragonborn\AppData\Local\Microsoft\WindowsApps;;C:\Users\Dragonborn\AppData\Local\Programs\Microsoft VS Code\bin
USERNAME=Dragonborn
OS=Windows_NT
PROCESSOR_IDENTIFIER=Intel64 Family 6 Model 158 Stepping 13, GenuineIntel



---------------  S Y S T E M  ---------------

OS: Windows 10 , 64 bit Build 17763 (10.0.17763.2452)
OS uptime: 0 days 12:55 hours

CPU:total 8 (initial active 8) (4 cores per cpu, 2 threads per core) family 6 model 158 stepping 13 microcode 0xb8, cmov, cx8, fxsr, mmx, sse, sse2, sse3, ssse3, sse4.1, sse4.2, popcnt, avx, avx2, aes, clmul, erms, 3dnowpref, lzcnt, ht, tsc, tscinvbit, bmi1, bmi2, adx, fma

Memory: 4k page, system-wide physical 8032M (50M free)
TotalPageFile size 14176M (AvailPageFile size 0M)
current process WorkingSet (physical memory assigned to process): 317M, peak: 320M
current process commit charge ("private bytes"): 357M, peak: 360M

vm_info: OpenJDK 64-Bit Server VM (11.0.10+0-b96-7249189) for windows-amd64 JRE (11.0.10+0-b96-7249189), built on Mar 31 2021 21:44:00 by "builder" with MS VC++ 14.0 (VS2015)

END.
